<?xml version="1.0" encoding="UTF-8"?>
<coverage generated="1678717072802" clover="3.2.0">
  <project timestamp="1678717072802" name="All files">
    <metrics statements="26" coveredstatements="26" conditionals="7" coveredconditionals="7" methods="10" coveredmethods="10" elements="43" coveredelements="43" complexity="0" loc="26" ncloc="26" packages="1" files="2" classes="2"/>
    <file name="context.ts" path="/Users/lucashanke/code/opensource/tracing.js/src/context.ts">
      <metrics statements="18" coveredstatements="18" conditionals="4" coveredconditionals="4" methods="7" coveredmethods="7"/>
      <line num="1" count="2" type="stmt"/>
      <line num="2" count="2" type="stmt"/>
      <line num="4" count="2" type="stmt"/>
      <line num="9" count="2" type="stmt"/>
      <line num="11" count="2" type="stmt"/>
      <line num="14" count="2" type="stmt"/>
      <line num="17" count="2" type="stmt"/>
      <line num="18" count="9" type="stmt"/>
      <line num="23" count="9" type="stmt"/>
      <line num="26" count="2" type="stmt"/>
      <line num="27" count="9" type="stmt"/>
      <line num="28" count="9" type="stmt"/>
      <line num="32" count="2" type="stmt"/>
      <line num="33" count="8" type="stmt"/>
      <line num="34" count="8" type="cond" truecount="2" falsecount="0"/>
      <line num="37" count="5" type="stmt"/>
      <line num="40" count="2" type="stmt"/>
      <line num="42" count="2" type="stmt"/>
    </file>
    <file name="middleware.ts" path="/Users/lucashanke/code/opensource/tracing.js/src/middleware.ts">
      <metrics statements="8" coveredstatements="8" conditionals="3" coveredconditionals="3" methods="3" coveredmethods="3"/>
      <line num="1" count="1" type="stmt"/>
      <line num="3" count="1" type="stmt"/>
      <line num="6" count="6" type="cond" truecount="1" falsecount="0"/>
      <line num="7" count="6" type="cond" truecount="2" falsecount="0"/>
      <line num="9" count="6" type="stmt"/>
      <line num="11" count="6" type="stmt"/>
      <line num="17" count="1" type="stmt"/>
      <line num="19" count="1" type="stmt"/>
    </file>
  </project>
</coverage>
