{"/Users/lucashanke/code/opensource/tracing.js/src/context.ts": {"path":"/Users/lucashanke/code/opensource/tracing.js/src/context.ts","statementMap":{"0":{"start":{"line":1,"column":0},"end":{"line":1,"column":26}},"1":{"start":{"line":2,"column":0},"end":{"line":2,"column":48}},"2":{"start":{"line":4,"column":13},"end":{"line":4,"column":56}},"3":{"start":{"line":11,"column":10},"end":{"line":11,"column":62}},"4":{"start":{"line":17,"column":10},"end":{"line":24,"column":4}},"5":{"start":{"line":18,"column":17},"end":{"line":20,"column":null}},"6":{"start":{"line":23,"column":4},"end":{"line":23,"column":65}},"7":{"start":{"line":23,"column":53},"end":{"line":23,"column":63}},"8":{"start":{"line":26,"column":2},"end":{"line":30,"column":4}},"9":{"start":{"line":27,"column":4},"end":{"line":29,"column":6}},"10":{"start":{"line":28,"column":22},"end":{"line":28,"column":54}},"11":{"start":{"line":32,"column":2},"end":{"line":35,"column":4}},"12":{"start":{"line":33,"column":18},"end":{"line":33,"column":51}},"13":{"start":{"line":34,"column":4},"end":{"line":34,"column":31}},"14":{"start":{"line":37,"column":2},"end":{"line":37,"column":62}},"15":{"start":{"line":37,"column":31},"end":{"line":37,"column":61}},"16":{"start":{"line":14,"column":4},"end":{"line":14,"column":53}},"17":{"start":{"line":9,"column":0},"end":{"line":9,"column":13}},"18":{"start":{"line":40,"column":39},"end":{"line":40,"column":59}},"19":{"start":{"line":42,"column":0},"end":{"line":42,"column":46}}},"fnMap":{"0":{"name":"(anonymous_0)","decl":{"start":{"line":13,"column":2},"end":{"line":13,"column":null}},"loc":{"start":{"line":13,"column":2},"end":{"line":15,"column":3}}},"1":{"name":"(anonymous_1)","decl":{"start":{"line":17,"column":24},"end":{"line":17,"column":28}},"loc":{"start":{"line":17,"column":79},"end":{"line":24,"column":3}}},"2":{"name":"(anonymous_2)","decl":{"start":{"line":23,"column":47},"end":{"line":23,"column":50}},"loc":{"start":{"line":23,"column":53},"end":{"line":23,"column":63}}},"3":{"name":"(anonymous_3)","decl":{"start":{"line":26,"column":12},"end":{"line":26,"column":16}},"loc":{"start":{"line":26,"column":55},"end":{"line":30,"column":3}}},"4":{"name":"(anonymous_4)","decl":{"start":{"line":28,"column":12},"end":{"line":28,"column":13}},"loc":{"start":{"line":28,"column":22},"end":{"line":28,"column":54}}},"5":{"name":"(anonymous_5)","decl":{"start":{"line":32,"column":8},"end":{"line":32,"column":9}},"loc":{"start":{"line":32,"column":32},"end":{"line":35,"column":3}}},"6":{"name":"(anonymous_6)","decl":{"start":{"line":37,"column":17},"end":{"line":37,"column":28}},"loc":{"start":{"line":37,"column":31},"end":{"line":37,"column":61}}}},"branchMap":{"0":{"loc":{"start":{"line":20,"column":30},"end":{"line":20,"column":64}},"type":"binary-expr","locations":[{"start":{"line":20,"column":30},"end":{"line":20,"column":56}},{"start":{"line":20,"column":60},"end":{"line":20,"column":64}}]},"1":{"loc":{"start":{"line":34,"column":11},"end":{"line":34,"column":30}},"type":"binary-expr","locations":[{"start":{"line":34,"column":11},"end":{"line":34,"column":16}},{"start":{"line":34,"column":20},"end":{"line":34,"column":30}}]}},"s":{"0":2,"1":2,"2":2,"3":2,"4":2,"5":9,"6":9,"7":9,"8":2,"9":9,"10":9,"11":2,"12":8,"13":8,"14":2,"15":5,"16":2,"17":2,"18":2,"19":2},"f":{"0":2,"1":9,"2":9,"3":9,"4":9,"5":8,"6":5},"b":{"0":[9,5],"1":[8,8]}}
,"/Users/lucashanke/code/opensource/tracing.js/src/middleware.ts": {"path":"/Users/lucashanke/code/opensource/tracing.js/src/middleware.ts","statementMap":{"0":{"start":{"line":1,"column":0},"end":{"line":1,"column":26}},"1":{"start":{"line":3,"column":0},"end":{"line":3,"column":63}},"2":{"start":{"line":6,"column":2},"end":{"line":14,"column":4}},"3":{"start":{"line":6,"column":72},"end":{"line":14,"column":3}},"4":{"start":{"line":7,"column":27},"end":{"line":7,"column":59}},"5":{"start":{"line":9,"column":4},"end":{"line":9,"column":51}},"6":{"start":{"line":11,"column":4},"end":{"line":13,"column":7}},"7":{"start":{"line":17,"column":23},"end":{"line":17,"column":43}},"8":{"start":{"line":19,"column":0},"end":{"line":19,"column":26}}},"fnMap":{"0":{"name":"(anonymous_0)","decl":{"start":{"line":5,"column":0},"end":{"line":5,"column":6}},"loc":{"start":{"line":5,"column":0},"end":{"line":15,"column":1}}},"1":{"name":"(anonymous_1)","decl":{"start":{"line":6,"column":15},"end":{"line":6,"column":16}},"loc":{"start":{"line":6,"column":72},"end":{"line":14,"column":3}}},"2":{"name":"(anonymous_2)","decl":{"start":{"line":6,"column":72},"end":{"line":6,"column":73}},"loc":{"start":{"line":6,"column":129},"end":{"line":14,"column":3}}}},"branchMap":{"0":{"loc":{"start":{"line":6,"column":16},"end":{"line":6,"column":67}},"type":"default-arg","locations":[{"start":{"line":6,"column":42},"end":{"line":6,"column":67}}]},"1":{"loc":{"start":{"line":7,"column":27},"end":{"line":7,"column":59}},"type":"binary-expr","locations":[{"start":{"line":7,"column":27},"end":{"line":7,"column":51}},{"start":{"line":7,"column":55},"end":{"line":7,"column":59}}]}},"s":{"0":1,"1":1,"2":1,"3":6,"4":6,"5":6,"6":6,"7":1,"8":1},"f":{"0":1,"1":6,"2":6},"b":{"0":[3],"1":[6,4]}}
}
