TN:
SF:src/context.ts
FN:13,(anonymous_0)
FN:17,(anonymous_1)
FN:23,(anonymous_2)
FN:26,(anonymous_3)
FN:28,(anonymous_4)
FN:32,(anonymous_5)
FN:37,(anonymous_6)
FNF:7
FNH:7
FNDA:2,(anonymous_0)
FNDA:9,(anonymous_1)
FNDA:9,(anonymous_2)
FNDA:9,(anonymous_3)
FNDA:9,(anonymous_4)
FNDA:8,(anonymous_5)
FNDA:5,(anonymous_6)
DA:1,2
DA:2,2
DA:4,2
DA:9,2
DA:11,2
DA:14,2
DA:17,2
DA:18,9
DA:23,9
DA:26,2
DA:27,9
DA:28,9
DA:32,2
DA:33,8
DA:34,8
DA:37,5
DA:40,2
DA:42,2
LF:18
LH:18
BRDA:20,0,0,9
BRDA:20,0,1,5
BRDA:34,1,0,8
BRDA:34,1,1,8
BRF:4
BRH:4
end_of_record
TN:
SF:src/middleware.ts
FN:5,(anonymous_0)
FN:6,(anonymous_1)
FN:6,(anonymous_2)
FNF:3
FNH:3
FNDA:1,(anonymous_0)
FNDA:6,(anonymous_1)
FNDA:6,(anonymous_2)
DA:1,1
DA:3,1
DA:6,6
DA:7,6
DA:9,6
DA:11,6
DA:17,1
DA:19,1
LF:8
LH:8
BRDA:6,0,0,3
BRDA:7,1,0,6
BRDA:7,1,1,4
BRF:3
BRH:3
end_of_record
